#
# A fatal error has been detected by the Java Runtime Environment:
#
#  EXCEPTION_ACCESS_VIOLATION (0xc0000005) at pc=0x551e745e, pid=7588, tid=0x000022b0
#
# JRE version: Java(TM) SE Runtime Environment (8.0_241-b07) (build 1.8.0_241-b07)
# Java VM: Java HotSpot(TM) Client VM (25.241-b07 mixed mode, sharing windows-x86 )
# Problematic frame:
# V  [jvm.dll+0xe745e]
#
# Failed to write core dump. Minidumps are not enabled by default on client versions of Windows
#
# If you would like to submit a bug report, please visit:
#   http://bugreport.java.com/bugreport/crash.jsp
#

---------------  T H R E A D  ---------------

Current thread (0x18d1bc00):  JavaThread "AWT-EventQueue-0" [_thread_in_vm, id=8880, stack(0x17ba0000,0x17bf0000)]

siginfo: ExceptionCode=0xc0000005, reading address 0x00000000

Registers:
EAX=0x00000000, EBX=0x00000000, ECX=0x18d1bc00, EDX=0x0000009f
ESP=0x17beec28, EBP=0x17beec44, ESI=0x00000000, EDI=0x18d1bc00
EIP=0x551e745e, EFLAGS=0x00010246

Top of Stack: (sp=0x17beec28)
0x17beec28:   17beecb4 18d1bd40 00000000 18d1bc00
0x17beec38:   155d8b74 0000009f 553eaa40 17beec80
0x17beec48:   16632506 18d1bd40 00000000 00000000
0x17beec58:   00000036 184f4dc0 00000000 18d1bd40
0x17beec68:   146cfe18 0000031a 00000800 00000014
0x17beec78:   184f4dc0 00000036 17beecdc 16631ac6
0x17beec88:   5e971424 00035222 00000350 00000350
0x17beec98:   184f4df6 17beecb4 18d1bc00 146cfde8 

Instructions: (pc=0x551e745e)
0x551e743e:   c4 08 83 7f 04 00 89 7d f0 c7 45 f4 00 00 00 00
0x551e744e:   74 08 8d 4d f0 e8 c8 4c 0c 00 8b 75 10 8b 45 0c
0x551e745e:   8b 10 85 f6 78 32 8b 45 14 85 c0 78 2b 8d 0c 06
0x551e746e:   3b 4a 08 77 23 85 c0 7e 3b 8b 4a 04 8b 49 04 83 


Register to memory mapping:

EAX=0x00000000 is an unknown value
EBX=0x00000000 is an unknown value
ECX=0x18d1bc00 is a thread
EDX=0x0000009f is an unknown value
ESP=0x17beec28 is pointing into the stack for thread: 0x18d1bc00
EBP=0x17beec44 is pointing into the stack for thread: 0x18d1bc00
ESI=0x00000000 is an unknown value
EDI=0x18d1bc00 is a thread


Stack: [0x17ba0000,0x17bf0000],  sp=0x17beec28,  free space=315k
Native frames: (J=compiled Java code, j=interpreted, Vv=VM code, C=native code)
V  [jvm.dll+0xe745e]
C  [Jpcap.dll+0x2506]
C  [Jpcap.dll+0x1ac6]
j  cnproj.PacketLive$2.run()V+7
j  java.awt.event.InvocationEvent.dispatch()V+47
j  java.awt.EventQueue.dispatchEventImpl(Ljava/awt/AWTEvent;Ljava/lang/Object;)V+21
j  java.awt.EventQueue.access$500(Ljava/awt/EventQueue;Ljava/awt/AWTEvent;Ljava/lang/Object;)V+3
j  java.awt.EventQueue$3.run()Ljava/lang/Void;+32
j  java.awt.EventQueue$3.run()Ljava/lang/Object;+1
v  ~StubRoutines::call_stub
V  [jvm.dll+0x15c5c5]
V  [jvm.dll+0x228b6e]
V  [jvm.dll+0x15c65e]
V  [jvm.dll+0x10c2cf]
C  [java.dll+0x102f]
j  java.security.ProtectionDomain$JavaSecurityAccessImpl.doIntersectionPrivilege(Ljava/security/PrivilegedAction;Ljava/security/AccessControlContext;Ljava/security/AccessControlContext;)Ljava/lang/Object;+18
j  java.awt.EventQueue.dispatchEvent(Ljava/awt/AWTEvent;)V+46
j  java.awt.EventDispatchThread.pumpOneEventForFilters(I)V+140
j  java.awt.EventDispatchThread.pumpEventsForFilter(ILjava/awt/Conditional;Ljava/awt/EventFilter;)V+35
j  java.awt.EventDispatchThread.pumpEventsForHierarchy(ILjava/awt/Conditional;Ljava/awt/Component;)V+11
j  java.awt.EventDispatchThread.pumpEvents(ILjava/awt/Conditional;)V+4
j  java.awt.EventDispatchThread.pumpEvents(Ljava/awt/Conditional;)V+3
j  java.awt.EventDispatchThread.run()V+9
v  ~StubRoutines::call_stub
V  [jvm.dll+0x15c5c5]
V  [jvm.dll+0x228b6e]
V  [jvm.dll+0x15c65e]
V  [jvm.dll+0x15c7e6]
V  [jvm.dll+0x15c857]
V  [jvm.dll+0x10025f]
V  [jvm.dll+0x17f930]
V  [jvm.dll+0x1801aa]
V  [jvm.dll+0x1c6ef6]
C  [msvcr100.dll+0x5c556]
C  [msvcr100.dll+0x5c600]
C  [KERNEL32.DLL+0x16359]
C  [ntdll.dll+0x67b74]
C  [ntdll.dll+0x67b44]
C  0x00000000

Java frames: (J=compiled Java code, j=interpreted, Vv=VM code)
j  jpcap.JpcapCaptor.getPacket()Ljpcap/packet/Packet;+0
j  cnproj.PacketLive$2.run()V+7
j  java.awt.event.InvocationEvent.dispatch()V+47
j  java.awt.EventQueue.dispatchEventImpl(Ljava/awt/AWTEvent;Ljava/lang/Object;)V+21
j  java.awt.EventQueue.access$500(Ljava/awt/EventQueue;Ljava/awt/AWTEvent;Ljava/lang/Object;)V+3
j  java.awt.EventQueue$3.run()Ljava/lang/Void;+32
j  java.awt.EventQueue$3.run()Ljava/lang/Object;+1
v  ~StubRoutines::call_stub
j  java.security.AccessController.doPrivileged(Ljava/security/PrivilegedAction;Ljava/security/AccessControlContext;)Ljava/lang/Object;+0
j  java.security.ProtectionDomain$JavaSecurityAccessImpl.doIntersectionPrivilege(Ljava/security/PrivilegedAction;Ljava/security/AccessControlContext;Ljava/security/AccessControlContext;)Ljava/lang/Object;+18
j  java.awt.EventQueue.dispatchEvent(Ljava/awt/AWTEvent;)V+46
j  java.awt.EventDispatchThread.pumpOneEventForFilters(I)V+140
j  java.awt.EventDispatchThread.pumpEventsForFilter(ILjava/awt/Conditional;Ljava/awt/EventFilter;)V+35
j  java.awt.EventDispatchThread.pumpEventsForHierarchy(ILjava/awt/Conditional;Ljava/awt/Component;)V+11
j  java.awt.EventDispatchThread.pumpEvents(ILjava/awt/Conditional;)V+4
j  java.awt.EventDispatchThread.pumpEvents(Ljava/awt/Conditional;)V+3
j  java.awt.EventDispatchThread.run()V+9
v  ~StubRoutines::call_stub

---------------  P R O C E S S  ---------------

Java Threads: ( => current thread )
=>0x18d1bc00 JavaThread "AWT-EventQueue-0" [_thread_in_vm, id=8880, stack(0x17ba0000,0x17bf0000)]
  0x155d6400 JavaThread "TimerQueue" daemon [_thread_blocked, id=7100, stack(0x165e0000,0x16630000)]
  0x007acc00 JavaThread "DestroyJavaVM" [_thread_blocked, id=2616, stack(0x00a20000,0x00a70000)]
  0x15534000 JavaThread "AWT-Windows" daemon [_thread_blocked, id=1412, stack(0x15ee0000,0x15f30000)]
  0x15533800 JavaThread "AWT-Shutdown" [_thread_blocked, id=2888, stack(0x15e50000,0x15ea0000)]
  0x15530c00 JavaThread "Java2D Disposer" daemon [_thread_blocked, id=7532, stack(0x157e0000,0x15830000)]
  0x02280800 JavaThread "Service Thread" daemon [_thread_blocked, id=2264, stack(0x15380000,0x153d0000)]
  0x02261400 JavaThread "C1 CompilerThread0" daemon [_thread_blocked, id=5204, stack(0x152f0000,0x15340000)]
  0x02260400 JavaThread "Attach Listener" daemon [_thread_blocked, id=6788, stack(0x14c40000,0x14c90000)]
  0x0225e400 JavaThread "Signal Dispatcher" daemon [_thread_blocked, id=12100, stack(0x14bb0000,0x14c00000)]
  0x02254c00 JavaThread "Finalizer" daemon [_thread_blocked, id=2612, stack(0x14a20000,0x14a70000)]
  0x021f6c00 JavaThread "Reference Handler" daemon [_thread_blocked, id=9988, stack(0x14990000,0x149e0000)]

Other Threads:
  0x021f4000 VMThread [stack: 0x14900000,0x14950000] [id=4416]
  0x02296c00 WatcherThread [stack: 0x15410000,0x15460000] [id=9848]

VM state:synchronizing (normal execution)

VM Mutex/Monitor currently owned by a thread:  ([mutex/lock_event])
[0x007ab4f0] Threads_lock - owner thread: 0x021f4000
[0x007ab9c0] Heap_lock - owner thread: 0x15534000

OutOfMemory and StackOverflow Exception counts:
OutOfMemoryError java_heap_errors=23

Heap:
 def new generation   total 78656K, used 78655K [0x04400000, 0x09950000, 0x09950000)
  eden space 69952K,  99% used [0x04400000, 0x0884fff0, 0x08850000)
  from space 8704K,  99% used [0x090d0000, 0x0994fff0, 0x09950000)
  to   space 8704K,   0% used [0x08850000, 0x08850000, 0x090d0000)
 tenured generation   total 174784K, used 174784K [0x09950000, 0x14400000, 0x14400000)
   the space 174784K, 100% used [0x09950000, 0x14400000, 0x14400000, 0x14400000)
 Metaspace       used 1112K, capacity 2528K, committed 2624K, reserved 4480K

Card table byte_map: [0x04350000,0x043e0000] byte_map_base: 0x0432e000

Polling page: 0x00780000

CodeCache: size=32768Kb used=997Kb max_used=997Kb free=31771Kb
 bounds [0x022d0000, 0x023d0000, 0x042d0000]
 total_blobs=497 nmethods=264 adapters=164
 compilation: enabled

Compilation events (10 events):
Event: 2.495 Thread 0x02261400  259             cnproj.PacketLive$2::<init> (10 bytes)
Event: 2.496 Thread 0x02261400 nmethod 259 0x023c6b08 code [0x023c6c00, 0x023c6c90]
Event: 2.496 Thread 0x02261400  260             javax.swing.SwingUtilities::invokeLater (5 bytes)
Event: 2.496 Thread 0x02261400 nmethod 260 0x023c6cc8 code [0x023c6e50, 0x023c73dc]
Event: 2.521 Thread 0x02261400  261 % !         cnproj.PacketLive::CaptureMouseClicked @ 25 (48 bytes)
Event: 2.522 Thread 0x02261400 nmethod 261% 0x023c7948 code [0x023c7b30, 0x023c82e0]
Event: 5.345 Thread 0x02261400  262             sun.awt.AWTAutoShutdown::getInstance (4 bytes)
Event: 5.345 Thread 0x02261400 nmethod 262 0x023c8d08 code [0x023c8e00, 0x023c8e70]
Event: 17.983 Thread 0x02261400  264             java.lang.StringBuilder::<init> (7 bytes)
Event: 17.983 Thread 0x02261400 nmethod 264 0x023c9188 code [0x023c9280, 0x023c9390]

GC Heap History (10 events):
Event: 41.321 GC heap before
{Heap before GC invocations=89 (full 83):
 def new generation   total 78656K, used 78656K [0x04400000, 0x09950000, 0x09950000)
  eden space 69952K, 100% used [0x04400000, 0x08850000, 0x08850000)
  from space 8704K, 100% used [0x090d0000, 0x09950000, 0x09950000)
  to   space 8704K,   0% used [0x08850000, 0x08850000, 0x090d0000)
 tenured generation   total 174784K, used 174783K [0x09950000, 0x14400000, 0x14400000)
   the space 174784K,  99% used [0x09950000, 0x143ffff8, 0x14400000, 0x14400000)
 Metaspace       used 1112K, capacity 2528K, committed 2624K, reserved 4480K
Event: 41.799 GC heap after
Heap after GC invocations=90 (full 84):
 def new generation   total 78656K, used 78655K [0x04400000, 0x09950000, 0x09950000)
  eden space 69952K,  99% used [0x04400000, 0x0884fff0, 0x08850000)
  from space 8704K,  99% used [0x090d0000, 0x0994ffc0, 0x09950000)
  to   space 8704K,   0% used [0x08850000, 0x08850000, 0x090d0000)
 tenured generation   total 174784K, used 174783K [0x09950000, 0x14400000, 0x14400000)
   the space 174784K,  99% used [0x09950000, 0x143fffe8, 0x14400000, 0x14400000)
 Metaspace       used 1112K, capacity 2528K, committed 2624K, reserved 4480K
}
Event: 41.799 GC heap before
{Heap before GC invocations=90 (full 84):
 def new generation   total 78656K, used 78656K [0x04400000, 0x09950000, 0x09950000)
  eden space 69952K, 100% used [0x04400000, 0x08850000, 0x08850000)
  from space 8704K, 100% used [0x090d0000, 0x09950000, 0x09950000)
  to   space 8704K,   0% used [0x08850000, 0x08850000, 0x090d0000)
 tenured generation   total 174784K, used 174784K [0x09950000, 0x14400000, 0x14400000)
   the space 174784K, 100% used [0x09950000, 0x14400000, 0x14400000, 0x14400000)
 Metaspace       used 1112K, capacity 2528K, committed 2624K, reserved 4480K
Event: 42.196 GC heap after
Heap after GC invocations=91 (full 85):
 def new generation   total 78656K, used 78656K [0x04400000, 0x09950000, 0x09950000)
  eden space 69952K, 100% used [0x04400000, 0x08850000, 0x08850000)
  from space 8704K, 100% used [0x090d0000, 0x09950000, 0x09950000)
  to   space 8704K,   0% used [0x08850000, 0x08850000, 0x090d0000)
 tenured generation   total 174784K, used 174784K [0x09950000, 0x14400000, 0x14400000)
   the space 174784K, 100% used [0x09950000, 0x14400000, 0x14400000, 0x14400000)
 Metaspace       used 1112K, capacity 2528K, committed 2624K, reserved 4480K
}
Event: 42.196 GC heap before
{Heap before GC invocations=91 (full 85):
 def new generation   total 78656K, used 78656K [0x04400000, 0x09950000, 0x09950000)
  eden space 69952K, 100% used [0x04400000, 0x08850000, 0x08850000)
  from space 8704K, 100% used [0x090d0000, 0x09950000, 0x09950000)
  to   space 8704K,   0% used [0x08850000, 0x08850000, 0x090d0000)
 tenured generation   total 174784K, used 174784K [0x09950000, 0x14400000, 0x14400000)
   the space 174784K, 100% used [0x09950000, 0x14400000, 0x14400000, 0x14400000)
 Metaspace       used 1112K, capacity 2528K, committed 2624K, reserved 4480K
Event: 42.582 GC heap after
Heap after GC invocations=92 (full 86):
 def new generation   total 78656K, used 78656K [0x04400000, 0x09950000, 0x09950000)
  eden space 69952K, 100% used [0x04400000, 0x08850000, 0x08850000)
  from space 8704K, 100% used [0x090d0000, 0x09950000, 0x09950000)
  to   space 8704K,   0% used [0x08850000, 0x08850000, 0x090d0000)
 tenured generation   total 174784K, used 174784K [0x09950000, 0x14400000, 0x14400000)
   the space 174784K, 100% used [0x09950000, 0x14400000, 0x14400000, 0x14400000)
 Metaspace       used 1112K, capacity 2528K, committed 2624K, reserved 4480K
}
Event: 42.582 GC heap before
{Heap before GC invocations=92 (full 86):
 def new generation   total 78656K, used 78656K [0x04400000, 0x09950000, 0x09950000)
  eden space 69952K, 100% used [0x04400000, 0x08850000, 0x08850000)
  from space 8704K, 100% used [0x090d0000, 0x09950000, 0x09950000)
  to   space 8704K,   0% used [0x08850000, 0x08850000, 0x090d0000)
 tenured generation   total 174784K, used 174784K [0x09950000, 0x14400000, 0x14400000)
   the space 174784K, 100% used [0x09950000, 0x14400000, 0x14400000, 0x14400000)
 Metaspace       used 1112K, capacity 2528K, committed 2624K, reserved 4480K
Event: 43.003 GC heap after
Heap after GC invocations=93 (full 87):
 def new generation   total 78656K, used 78655K [0x04400000, 0x09950000, 0x09950000)
  eden space 69952K,  99% used [0x04400000, 0x0884fff0, 0x08850000)
  from space 8704K,  99% used [0x090d0000, 0x0994fff0, 0x09950000)
  to   space 8704K,   0% used [0x08850000, 0x08850000, 0x090d0000)
 tenured generation   total 174784K, used 174784K [0x09950000, 0x14400000, 0x14400000)
   the space 174784K, 100% used [0x09950000, 0x14400000, 0x14400000, 0x14400000)
 Metaspace       used 1112K, capacity 2528K, committed 2624K, reserved 4480K
}
Event: 43.003 GC heap before
{Heap before GC invocations=93 (full 87):
 def new generation   total 78656K, used 78655K [0x04400000, 0x09950000, 0x09950000)
  eden space 69952K,  99% used [0x04400000, 0x0884fff0, 0x08850000)
  from space 8704K,  99% used [0x090d0000, 0x0994fff0, 0x09950000)
  to   space 8704K,   0% used [0x08850000, 0x08850000, 0x090d0000)
 tenured generation   total 174784K, used 174784K [0x09950000, 0x14400000, 0x14400000)
   the space 174784K, 100% used [0x09950000, 0x14400000, 0x14400000, 0x14400000)
 Metaspace       used 1112K, capacity 2528K, committed 2624K, reserved 4480K
Event: 43.439 GC heap after
Heap after GC invocations=94 (full 88):
 def new generation   total 78656K, used 78655K [0x04400000, 0x09950000, 0x09950000)
  eden space 69952K,  99% used [0x04400000, 0x0884fff0, 0x08850000)
  from space 8704K,  99% used [0x090d0000, 0x0994fff0, 0x09950000)
  to   space 8704K,   0% used [0x08850000, 0x08850000, 0x090d0000)
 tenured generation   total 174784K, used 174784K [0x09950000, 0x14400000, 0x14400000)
   the space 174784K, 100% used [0x09950000, 0x14400000, 0x14400000, 0x14400000)
 Metaspace       used 1112K, capacity 2528K, committed 2624K, reserved 4480K
}

Deoptimization events (0 events):
No events

Classes redefined (0 events):
No events

Internal exceptions (10 events):
Event: 31.829 Thread 0x15534000 Exception <a 'java/lang/OutOfMemoryError'> (0x0a1ee038) thrown at [C:\ade\jenkins\workspace\8-2-build-windows-i586-cygwin\jdk8u241\331\hotspot\src\share\vm\gc_interface/collectedHeap.inline.hpp, line 159]
Event: 31.829 Thread 0x15534000 Exception <a 'java/lang/OutOfMemoryError': OutOfMemoryError> (0x0994ff08) thrown at [C:\ade\jenkins\workspace\8-2-build-windows-i586-cygwin\jdk8u241\331\hotspot\src\share\vm\prims\jni.cpp, line 736]
Event: 35.372 Thread 0x18d1bc00 Exception <a 'java/lang/OutOfMemoryError'> (0x0a1ee038) thrown at [C:\ade\jenkins\workspace\8-2-build-windows-i586-cygwin\jdk8u241\331\hotspot\src\share\vm\gc_interface/collectedHeap.inline.hpp, line 159]
Event: 36.150 Thread 0x18d1bc00 Exception <a 'java/lang/OutOfMemoryError'> (0x0a1ee038) thrown at [C:\ade\jenkins\workspace\8-2-build-windows-i586-cygwin\jdk8u241\331\hotspot\src\share\vm\gc_interface/collectedHeap.inline.hpp, line 159]
Event: 38.073 Thread 0x1554f800 Exception <a 'java/lang/OutOfMemoryError'> (0x0a1ee038) thrown at [C:\ade\jenkins\workspace\8-2-build-windows-i586-cygwin\jdk8u241\331\hotspot\src\share\vm\gc_interface/collectedHeap.inline.hpp, line 159]
Event: 38.073 Thread 0x1554f800 Exception <a 'java/lang/OutOfMemoryError'> (0x0a1ee038) thrown at [C:\ade\jenkins\workspace\8-2-build-windows-i586-cygwin\jdk8u241\331\hotspot\src\share\vm\prims\jvm.cpp, line 1506]
Event: 39.625 Thread 0x1554f800 Exception <a 'java/lang/OutOfMemoryError'> (0x0a1ee038) thrown at [C:\ade\jenkins\workspace\8-2-build-windows-i586-cygwin\jdk8u241\331\hotspot\src\share\vm\gc_interface/collectedHeap.inline.hpp, line 159]
Event: 40.917 Thread 0x1554f800 Exception <a 'java/lang/OutOfMemoryError'> (0x0a1ee038) thrown at [C:\ade\jenkins\workspace\8-2-build-windows-i586-cygwin\jdk8u241\331\hotspot\src\share\vm\gc_interface/collectedHeap.inline.hpp, line 159]
Event: 42.582 Thread 0x18d1bc00 Exception <a 'java/lang/OutOfMemoryError'> (0x0a1ee038) thrown at [C:\ade\jenkins\workspace\8-2-build-windows-i586-cygwin\jdk8u241\331\hotspot\src\share\vm\gc_interface/collectedHeap.inline.hpp, line 159]
Event: 43.439 Thread 0x18d1bc00 Exception <a 'java/lang/OutOfMemoryError'> (0x0a1ee038) thrown at [C:\ade\jenkins\workspace\8-2-build-windows-i586-cygwin\jdk8u241\331\hotspot\src\share\vm\gc_interface/collectedHeap.inline.hpp, line 159]

Events (10 events):
Event: 40.917 Executing VM operation: GenCollectForAllocation done
Event: 40.917 Thread 0x1554f800 Thread exited: 0x1554f800
Event: 40.917 Executing VM operation: GenCollectForAllocation
Event: 41.321 Executing VM operation: GenCollectForAllocation done
Event: 41.321 Executing VM operation: GenCollectForAllocation
Event: 41.799 Executing VM operation: GenCollectForAllocation done
Event: 41.799 Executing VM operation: GenCollectForAllocation
Event: 42.582 Executing VM operation: GenCollectForAllocation done
Event: 42.582 Executing VM operation: GenCollectForAllocation
Event: 43.439 Executing VM operation: GenCollectForAllocation done


Dynamic libraries:
0x00850000 - 0x00883000 	C:\Program Files (x86)\Java\jdk1.8.0_241\bin\java.exe
0x772b0000 - 0x7744a000 	C:\WINDOWS\SYSTEM32\ntdll.dll
0x76d70000 - 0x76e50000 	C:\WINDOWS\System32\KERNEL32.DLL
0x753f0000 - 0x755ee000 	C:\WINDOWS\System32\KERNELBASE.dll
0x74390000 - 0x7442f000 	C:\WINDOWS\SYSTEM32\apphelp.dll
0x76720000 - 0x76799000 	C:\WINDOWS\System32\ADVAPI32.dll
0x77100000 - 0x771bf000 	C:\WINDOWS\System32\msvcrt.dll
0x74a10000 - 0x74a86000 	C:\WINDOWS\System32\sechost.dll
0x74ab0000 - 0x74b6b000 	C:\WINDOWS\System32\RPCRT4.dll
0x749a0000 - 0x749c0000 	C:\WINDOWS\System32\SspiCli.dll
0x74990000 - 0x7499a000 	C:\WINDOWS\System32\CRYPTBASE.dll
0x76bb0000 - 0x76c0f000 	C:\WINDOWS\System32\bcryptPrimitives.dll
0x750d0000 - 0x75267000 	C:\WINDOWS\System32\USER32.dll
0x758e0000 - 0x758f7000 	C:\WINDOWS\System32\win32u.dll
0x75340000 - 0x75361000 	C:\WINDOWS\System32\GDI32.dll
0x76c10000 - 0x76d6a000 	C:\WINDOWS\System32\gdi32full.dll
0x75370000 - 0x753ec000 	C:\WINDOWS\System32\msvcp_win.dll
0x755f0000 - 0x7570f000 	C:\WINDOWS\System32\ucrtbase.dll
0x6e9c0000 - 0x6ebcf000 	C:\WINDOWS\WinSxS\x86_microsoft.windows.common-controls_6595b64144ccf1df_6.0.18362.720_none_2e6bec9c2790ac71\COMCTL32.dll
0x76e80000 - 0x770f5000 	C:\WINDOWS\System32\combase.dll
0x76e50000 - 0x76e75000 	C:\WINDOWS\System32\IMM32.DLL
0x554e0000 - 0x5559f000 	C:\Program Files (x86)\Java\jdk1.8.0_241\jre\bin\msvcr100.dll
0x55100000 - 0x554da000 	C:\Program Files (x86)\Java\jdk1.8.0_241\jre\bin\client\jvm.dll
0x75710000 - 0x75716000 	C:\WINDOWS\System32\PSAPI.DLL
0x74630000 - 0x74638000 	C:\WINDOWS\SYSTEM32\VERSION.dll
0x72cd0000 - 0x72cd8000 	C:\WINDOWS\SYSTEM32\WSOCK32.dll
0x73c60000 - 0x73c84000 	C:\WINDOWS\SYSTEM32\WINMM.dll
0x752d0000 - 0x7532e000 	C:\WINDOWS\System32\WS2_32.dll
0x73590000 - 0x735b3000 	C:\WINDOWS\SYSTEM32\WINMMBASE.dll
0x749d0000 - 0x74a0b000 	C:\WINDOWS\System32\cfgmgr32.dll
0x550f0000 - 0x550fc000 	C:\Program Files (x86)\Java\jdk1.8.0_241\jre\bin\verify.dll
0x550c0000 - 0x550e1000 	C:\Program Files (x86)\Java\jdk1.8.0_241\jre\bin\java.dll
0x550a0000 - 0x550b4000 	C:\Program Files (x86)\Java\jdk1.8.0_241\jre\bin\zip.dll
0x75a10000 - 0x75f8a000 	C:\WINDOWS\System32\SHELL32.dll
0x767a0000 - 0x76824000 	C:\WINDOWS\System32\shcore.dll
0x75f90000 - 0x76555000 	C:\WINDOWS\System32\windows.storage.dll
0x769d0000 - 0x769eb000 	C:\WINDOWS\System32\profapi.dll
0x766d0000 - 0x76713000 	C:\WINDOWS\System32\powrprof.dll
0x76ba0000 - 0x76bad000 	C:\WINDOWS\System32\UMPDC.dll
0x75890000 - 0x758d4000 	C:\WINDOWS\System32\shlwapi.dll
0x75330000 - 0x7533f000 	C:\WINDOWS\System32\kernel.appcore.dll
0x76830000 - 0x76843000 	C:\WINDOWS\System32\cryptsp.dll
0x54f50000 - 0x55097000 	C:\Program Files (x86)\Java\jdk1.8.0_241\jre\bin\awt.dll
0x76b00000 - 0x76b92000 	C:\WINDOWS\System32\OLEAUT32.dll
0x6f350000 - 0x6f3ca000 	C:\WINDOWS\system32\uxtheme.dll
0x74fc0000 - 0x750c3000 	C:\WINDOWS\System32\MSCTF.dll
0x769f0000 - 0x76ae7000 	C:\WINDOWS\System32\ole32.dll
0x6d210000 - 0x6d235000 	C:\WINDOWS\system32\DWMAPI.DLL
0x54f10000 - 0x54f4a000 	C:\Program Files (x86)\Java\jdk1.8.0_241\jre\bin\fontmanager.dll
0x6e000000 - 0x6e0ff000 	C:\WINDOWS\system32\opengl32.dll
0x6d240000 - 0x6d27f000 	C:\WINDOWS\SYSTEM32\GLU32.dll
0x6cee0000 - 0x6cef9000 	C:\WINDOWS\SYSTEM32\dxcore.dll
0x76560000 - 0x765e0000 	C:\WINDOWS\System32\clbcatq.dll
0x673f0000 - 0x67559000 	C:\WINDOWS\SYSTEM32\WindowsCodecs.dll
0x64770000 - 0x647a1000 	C:\WINDOWS\system32\dataexchange.dll
0x6c810000 - 0x6c9ee000 	C:\WINDOWS\system32\d3d11.dll
0x66fe0000 - 0x67149000 	C:\WINDOWS\system32\dcomp.dll
0x6c740000 - 0x6c801000 	C:\WINDOWS\system32\dxgi.dll
0x64580000 - 0x64763000 	C:\WINDOWS\system32\twinapi.appcore.dll
0x647c0000 - 0x647df000 	C:\WINDOWS\system32\RMCLIENT.dll
0x54ef0000 - 0x54f06000 	C:\Program Files (x86)\Java\jdk1.8.0_241\jre\bin\net.dll
0x74520000 - 0x74572000 	C:\WINDOWS\system32\mswsock.dll
0x54ee0000 - 0x54eef000 	C:\Program Files (x86)\Java\jdk1.8.0_241\jre\bin\nio.dll
0x54ea0000 - 0x54ed2000 	C:\Program Files (x86)\Java\jdk1.8.0_241\jre\bin\t2k.dll
0x643b0000 - 0x64434000 	C:\WINDOWS\System32\TextInputFramework.dll
0x63f50000 - 0x641ae000 	C:\WINDOWS\System32\CoreUIComponents.dll
0x64320000 - 0x643a9000 	C:\WINDOWS\System32\CoreMessaging.dll
0x680a0000 - 0x6817a000 	C:\WINDOWS\SYSTEM32\wintypes.dll
0x72c90000 - 0x72cb9000 	C:\WINDOWS\SYSTEM32\ntmarta.dll
0x54e70000 - 0x54e94000 	C:\Program Files (x86)\Java\jdk1.8.0_241\jre\bin\dcpr.dll
0x64310000 - 0x64317000 	C:\Program Files (x86)\Internet Download Manager\idmmkb.dll
0x6cfe0000 - 0x6d209000 	C:\WINDOWS\System32\iertutil.dll
0x16630000 - 0x16658000 	C:\Windows\System32\Jpcap.dll
0x74720000 - 0x74752000 	C:\WINDOWS\SYSTEM32\iphlpapi.dll
0x17ad0000 - 0x17b1c000 	C:\WINDOWS\SYSTEM32\wpcap.dll
0x54e50000 - 0x54e6f000 	C:\WINDOWS\SYSTEM32\packet.dll
0x76af0000 - 0x76af7000 	C:\WINDOWS\System32\NSI.dll
0x745c0000 - 0x745d5000 	C:\WINDOWS\SYSTEM32\dhcpcsvc.DLL
0x6f1a0000 - 0x6f32f000 	C:\WINDOWS\SYSTEM32\dbghelp.dll

VM Arguments:
jvm_args: -Dfile.encoding=UTF-8 
java_command: cnproj.PacketLive
java_class_path (initial): C:\Program Files\Java\jdk1.8.0_111\jre\lib\ext\net.sourceforge.jpcap-0.01.16.jar;C:\Program Files\Java\jdk1.8.0_111\jre\lib\ext\dev-classes_net.ultrametrics-0.03.jar;C:\Program Files\Java\jdk1.8.0_111\jre\lib\ext\fooware_CommandLine-1.0.jar;C:\Program Files\Java\jdk1.8.0_111\jre\lib\ext\javadoc_net.sourceforge.jpcap-0.01.16.jar;C:\Users\Mairaj\Documents\NetBeansProjects\CNProj\build\classes
Launcher Type: SUN_STANDARD

Environment Variables:
PATH=C:\Program Files (x86)\Common Files\Oracle\Java\javapath;C:\ProgramData\Oracle\Java\javapath;C:\Windows\system32;C:\Windows;C:\Windows\System32\Wbem;C:\Windows\System32\WindowsPowerShell\v1.0\;C:\Program Files\dotnet\;C:\Program Files\Microsoft SQL Server\130\Tools\Binn\;C:\Program Files\Microsoft SQL Server\Client SDK\ODBC\170\Tools\Binn\;C:\WINDOWS\system32;C:\WINDOWS;C:\WINDOWS\System32\Wbem;C:\WINDOWS\System32\WindowsPowerShell\v1.0\;C:\WINDOWS\System32\OpenSSH\;C:\Program Files (x86)\NVIDIA Corporation\PhysX\Common;C:\Program Files\NVIDIA Corporation\NVIDIA NvDLISR;C:\Users\Mairaj\AppData\Local\Microsoft\WindowsApps;C:\Users\Mairaj\AppData\Local\Android\Sdk\platform-tools;%DASHLANE_DLL_DIR%;C:\Users\Mairaj\AppData\Local\Programs\Microsoft VS Code\bin
USERNAME=Mairaj
OS=Windows_NT
PROCESSOR_IDENTIFIER=Intel64 Family 6 Model 60 Stepping 3, GenuineIntel



---------------  S Y S T E M  ---------------

OS: Windows 10.0 , 64 bit Build 18362 (10.0.18362.329)

CPU:total 8 (initial active 8) (4 cores per cpu, 2 threads per core) family 6 model 60 stepping 3, cmov, cx8, fxsr, mmx, sse, sse2, sse3, ssse3, sse4.1, sse4.2, popcnt, avx, avx2, aes, clmul, erms, lzcnt, ht, tsc, tscinvbit, bmi1, bmi2

Memory: 4k page, physical 8323180k(3500456k free), swap 14614636k(8191036k free)

vm_info: Java HotSpot(TM) Client VM (25.241-b07) for windows-x86 JRE (1.8.0_241-b07), built on Dec 11 2019 10:24:16 by "rejava" with MS VC++ 10.0 (VS2010)

time: Wed Apr 15 19:03:56 2020
timezone: Pakistan Standard Time
elapsed time: 43 seconds (0d 0h 0m 43s)

